Fitter report for INTERLOCK
Thu May 02 10:34:05 2024
Quartus II 64-Bit Version 13.1.0 Build 162 10/23/2013 SJ Web Edition


---------------------
; Table of Contents ;
---------------------
  1. Legal Notice
  2. Fitter Summary
  3. Fitter Settings
  4. Parallel Compilation
  5. Pin-Out File
  6. Fitter Resource Usage Summary
  7. Input Pins
  8. Output Pins
  9. I/O Bank Usage
 10. All Package Pins
 11. Output Pin Default Load For Reported TCO
 12. Fitter Resource Utilization by Entity
 13. Delay Chain Summary
 14. Non-Global High Fan-Out Signals
 15. Routing Usage Summary
 16. LAB Logic Elements
 17. LAB Signals Sourced
 18. LAB Signals Sourced Out
 19. LAB Distinct Inputs
 20. Fitter Device Options
 21. Fitter Messages
 22. Fitter Suppressed Messages



----------------
; Legal Notice ;
----------------
Copyright (C) 1991-2013 Altera Corporation
Your use of Altera Corporation's design tools, logic functions 
and other software and tools, and its AMPP partner logic 
functions, and any output files from any of the foregoing 
(including device programming or simulation files), and any 
associated documentation or information are expressly subject 
to the terms and conditions of the Altera Program License 
Subscription Agreement, Altera MegaCore Function License 
Agreement, or other applicable license agreement, including, 
without limitation, that your use is for the sole purpose of 
programming logic devices manufactured by Altera and sold by 
Altera or its authorized distributors.  Please refer to the 
applicable agreement for further details.



+------------------------------------------------------------------------+
; Fitter Summary                                                         ;
+---------------------------+--------------------------------------------+
; Fitter Status             ; Successful - Thu May 02 10:34:05 2024      ;
; Quartus II 64-Bit Version ; 13.1.0 Build 162 10/23/2013 SJ Web Edition ;
; Revision Name             ; INTERLOCK                                  ;
; Top-level Entity Name     ; InterlockCombined                          ;
; Family                    ; MAX II                                     ;
; Device                    ; EPM240T100C5                               ;
; Timing Models             ; Final                                      ;
; Total logic elements      ; 32 / 240 ( 13 % )                          ;
; Total pins                ; 72 / 80 ( 90 % )                           ;
; Total virtual pins        ; 0                                          ;
; UFM blocks                ; 0 / 1 ( 0 % )                              ;
+---------------------------+--------------------------------------------+


+----------------------------------------------------------------------------------------------------------------------------------------------+
; Fitter Settings                                                                                                                              ;
+----------------------------------------------------------------------------+--------------------------------+--------------------------------+
; Option                                                                     ; Setting                        ; Default Value                  ;
+----------------------------------------------------------------------------+--------------------------------+--------------------------------+
; Device                                                                     ; EPM240T100C5                   ;                                ;
; Minimum Core Junction Temperature                                          ; 0                              ;                                ;
; Maximum Core Junction Temperature                                          ; 85                             ;                                ;
; Fit Attempts to Skip                                                       ; 0                              ; 0.0                            ;
; Device I/O Standard                                                        ; 3.3-V LVTTL                    ;                                ;
; Use smart compilation                                                      ; Off                            ; Off                            ;
; Enable parallel Assembler and TimeQuest Timing Analyzer during compilation ; On                             ; On                             ;
; Enable compact report table                                                ; Off                            ; Off                            ;
; Router Timing Optimization Level                                           ; Normal                         ; Normal                         ;
; Placement Effort Multiplier                                                ; 1.0                            ; 1.0                            ;
; Router Effort Multiplier                                                   ; 1.0                            ; 1.0                            ;
; Always Enable Input Buffers                                                ; Off                            ; Off                            ;
; Optimize Hold Timing                                                       ; IO Paths and Minimum TPD Paths ; IO Paths and Minimum TPD Paths ;
; Optimize Multi-Corner Timing                                               ; Off                            ; Off                            ;
; Guarantee I/O Paths Have Zero Hold Time at Fast Corner                     ; On                             ; On                             ;
; PowerPlay Power Optimization                                               ; Normal compilation             ; Normal compilation             ;
; Optimize Timing                                                            ; Normal compilation             ; Normal compilation             ;
; Optimize Timing for ECOs                                                   ; Off                            ; Off                            ;
; Regenerate full fit report during ECO compiles                             ; Off                            ; Off                            ;
; Optimize IOC Register Placement for Timing                                 ; Normal                         ; Normal                         ;
; Limit to One Fitting Attempt                                               ; Off                            ; Off                            ;
; Final Placement Optimizations                                              ; Automatically                  ; Automatically                  ;
; Fitter Aggressive Routability Optimizations                                ; Automatically                  ; Automatically                  ;
; Fitter Initial Placement Seed                                              ; 1                              ; 1                              ;
; Slow Slew Rate                                                             ; Off                            ; Off                            ;
; PCI I/O                                                                    ; Off                            ; Off                            ;
; Weak Pull-Up Resistor                                                      ; Off                            ; Off                            ;
; Enable Bus-Hold Circuitry                                                  ; Off                            ; Off                            ;
; Auto Delay Chains                                                          ; On                             ; On                             ;
; Auto Delay Chains for High Fanout Input Pins                               ; Off                            ; Off                            ;
; Perform Physical Synthesis for Combinational Logic for Performance         ; Off                            ; Off                            ;
; Perform Register Duplication for Performance                               ; Off                            ; Off                            ;
; Perform Register Retiming for Performance                                  ; Off                            ; Off                            ;
; Perform Asynchronous Signal Pipelining                                     ; Off                            ; Off                            ;
; Fitter Effort                                                              ; Auto Fit                       ; Auto Fit                       ;
; Physical Synthesis Effort Level                                            ; Normal                         ; Normal                         ;
; Logic Cell Insertion - Logic Duplication                                   ; Auto                           ; Auto                           ;
; Auto Register Duplication                                                  ; Auto                           ; Auto                           ;
; Auto Global Clock                                                          ; On                             ; On                             ;
; Auto Global Register Control Signals                                       ; On                             ; On                             ;
; Force Fitter to Avoid Periphery Placement Warnings                         ; Off                            ; Off                            ;
+----------------------------------------------------------------------------+--------------------------------+--------------------------------+


+------------------------------------------+
; Parallel Compilation                     ;
+----------------------------+-------------+
; Processors                 ; Number      ;
+----------------------------+-------------+
; Number detected on machine ; 8           ;
; Maximum allowed            ; 4           ;
;                            ;             ;
; Average used               ; 1.00        ;
; Maximum used               ; 4           ;
;                            ;             ;
; Usage by Processor         ; % Time Used ;
;     Processor 1            ; 100.0%      ;
;     Processors 2-4         ; < 0.1%      ;
;     Processors 5-8         ;   0.0%      ;
+----------------------------+-------------+


+--------------+
; Pin-Out File ;
+--------------+
The pin-out file can be found in C:/Users/User/Desktop/Interlock_Completed/SYNTH_Files/output_files/INTERLOCK.pin.


+-----------------------------------------------------------------+
; Fitter Resource Usage Summary                                   ;
+---------------------------------------------+-------------------+
; Resource                                    ; Usage             ;
+---------------------------------------------+-------------------+
; Total logic elements                        ; 32 / 240 ( 13 % ) ;
;     -- Combinational with no register       ; 32                ;
;     -- Register only                        ; 0                 ;
;     -- Combinational with a register        ; 0                 ;
;                                             ;                   ;
; Logic element usage by number of LUT inputs ;                   ;
;     -- 4 input functions                    ; 24                ;
;     -- 3 input functions                    ; 4                 ;
;     -- 2 input functions                    ; 4                 ;
;     -- 1 input functions                    ; 0                 ;
;     -- 0 input functions                    ; 0                 ;
;                                             ;                   ;
; Logic elements by mode                      ;                   ;
;     -- normal mode                          ; 32                ;
;     -- arithmetic mode                      ; 0                 ;
;     -- qfbk mode                            ; 0                 ;
;     -- register cascade mode                ; 0                 ;
;     -- synchronous clear/load mode          ; 0                 ;
;     -- asynchronous clear/load mode         ; 0                 ;
;                                             ;                   ;
; Total registers                             ; 0 / 240 ( 0 % )   ;
; Total LABs                                  ; 8 / 24 ( 33 % )   ;
; Logic elements in carry chains              ; 0                 ;
; Virtual pins                                ; 0                 ;
; I/O pins                                    ; 72 / 80 ( 90 % )  ;
;     -- Clock pins                           ; 4 / 4 ( 100 % )   ;
;                                             ;                   ;
; Global signals                              ; 0                 ;
; UFM blocks                                  ; 0 / 1 ( 0 % )     ;
; Global clocks                               ; 0 / 4 ( 0 % )     ;
; JTAGs                                       ; 0 / 1 ( 0 % )     ;
; Average interconnect usage (total/H/V)      ; 4% / 2% / 7%      ;
; Peak interconnect usage (total/H/V)         ; 4% / 2% / 7%      ;
; Maximum fan-out                             ; 3                 ;
; Highest non-global fan-out                  ; 3                 ;
; Total fan-out                               ; 124               ;
; Average fan-out                             ; 1.19              ;
+---------------------------------------------+-------------------+


+-------------------------------------------------------------------------------------------------------------------------------------------------------------------------------------------------------------+
; Input Pins                                                                                                                                                                                                  ;
+------+-------+----------+--------------+--------------+-------------+-----------------------+--------------------+--------+-----------------+----------+--------------+--------------+----------------------+
; Name ; Pin # ; I/O Bank ; X coordinate ; Y coordinate ; Cell number ; Combinational Fan-Out ; Registered Fan-Out ; Global ; PCI I/O Enabled ; Bus Hold ; Weak Pull Up ; I/O Standard ; Location assigned by ;
+------+-------+----------+--------------+--------------+-------------+-----------------------+--------------------+--------+-----------------+----------+--------------+--------------+----------------------+
; i_AA ; 12    ; 1        ; 1            ; 3            ; 3           ; 1                     ; 0                  ; no     ; no              ; no       ; Off          ; 3.3-V LVTTL  ; Fitter               ;
; i_AB ; 41    ; 1        ; 5            ; 0            ; 1           ; 2                     ; 0                  ; no     ; no              ; no       ; Off          ; 3.3-V LVTTL  ; Fitter               ;
; i_AC ; 82    ; 2        ; 6            ; 5            ; 1           ; 2                     ; 0                  ; no     ; no              ; no       ; Off          ; 3.3-V LVTTL  ; Fitter               ;
; i_AD ; 50    ; 1        ; 7            ; 0            ; 1           ; 1                     ; 0                  ; no     ; no              ; no       ; Off          ; 3.3-V LVTTL  ; Fitter               ;
; i_AE ; 16    ; 1        ; 1            ; 2            ; 2           ; 2                     ; 0                  ; no     ; no              ; no       ; Off          ; 3.3-V LVTTL  ; Fitter               ;
; i_AF ; 98    ; 2        ; 2            ; 5            ; 0           ; 1                     ; 0                  ; no     ; no              ; no       ; Off          ; 3.3-V LVTTL  ; Fitter               ;
; i_AG ; 26    ; 1        ; 2            ; 0            ; 3           ; 2                     ; 0                  ; no     ; no              ; no       ; Off          ; 3.3-V LVTTL  ; Fitter               ;
; i_AH ; 71    ; 2        ; 8            ; 4            ; 3           ; 1                     ; 0                  ; no     ; no              ; no       ; Off          ; 3.3-V LVTTL  ; Fitter               ;
; i_BA ; 2     ; 1        ; 1            ; 4            ; 0           ; 1                     ; 0                  ; no     ; no              ; no       ; Off          ; 3.3-V LVTTL  ; Fitter               ;
; i_BB ; 36    ; 1        ; 4            ; 0            ; 2           ; 1                     ; 0                  ; no     ; no              ; no       ; Off          ; 3.3-V LVTTL  ; Fitter               ;
; i_BC ; 77    ; 2        ; 7            ; 5            ; 2           ; 1                     ; 0                  ; no     ; no              ; no       ; Off          ; 3.3-V LVTTL  ; Fitter               ;
; i_BD ; 51    ; 1        ; 7            ; 0            ; 0           ; 1                     ; 0                  ; no     ; no              ; no       ; Off          ; 3.3-V LVTTL  ; Fitter               ;
; i_BE ; 90    ; 2        ; 4            ; 5            ; 1           ; 2                     ; 0                  ; no     ; no              ; no       ; Off          ; 3.3-V LVTTL  ; Fitter               ;
; i_BF ; 1     ; 2        ; 2            ; 5            ; 3           ; 1                     ; 0                  ; no     ; no              ; no       ; Off          ; 3.3-V LVTTL  ; Fitter               ;
; i_BG ; 28    ; 1        ; 2            ; 0            ; 1           ; 2                     ; 0                  ; no     ; no              ; no       ; Off          ; 3.3-V LVTTL  ; Fitter               ;
; i_BH ; 72    ; 2        ; 8            ; 4            ; 2           ; 1                     ; 0                  ; no     ; no              ; no       ; Off          ; 3.3-V LVTTL  ; Fitter               ;
; i_CA ; 88    ; 2        ; 5            ; 5            ; 3           ; 2                     ; 0                  ; no     ; no              ; no       ; Off          ; 3.3-V LVTTL  ; Fitter               ;
; i_CB ; 35    ; 1        ; 3            ; 0            ; 0           ; 2                     ; 0                  ; no     ; no              ; no       ; Off          ; 3.3-V LVTTL  ; Fitter               ;
; i_CC ; 87    ; 2        ; 5            ; 5            ; 2           ; 1                     ; 0                  ; no     ; no              ; no       ; Off          ; 3.3-V LVTTL  ; Fitter               ;
; i_CD ; 55    ; 2        ; 8            ; 1            ; 1           ; 1                     ; 0                  ; no     ; no              ; no       ; Off          ; 3.3-V LVTTL  ; Fitter               ;
; i_CE ; 96    ; 2        ; 3            ; 5            ; 2           ; 2                     ; 0                  ; no     ; no              ; no       ; Off          ; 3.3-V LVTTL  ; Fitter               ;
; i_CF ; 4     ; 1        ; 1            ; 4            ; 2           ; 1                     ; 0                  ; no     ; no              ; no       ; Off          ; 3.3-V LVTTL  ; Fitter               ;
; i_CG ; 48    ; 1        ; 6            ; 0            ; 0           ; 2                     ; 0                  ; no     ; no              ; no       ; Off          ; 3.3-V LVTTL  ; Fitter               ;
; i_CH ; 61    ; 2        ; 8            ; 2            ; 1           ; 1                     ; 0                  ; no     ; no              ; no       ; Off          ; 3.3-V LVTTL  ; Fitter               ;
; i_DA ; 5     ; 1        ; 1            ; 4            ; 3           ; 2                     ; 0                  ; no     ; no              ; no       ; Off          ; 3.3-V LVTTL  ; Fitter               ;
; i_DB ; 40    ; 1        ; 5            ; 0            ; 2           ; 1                     ; 0                  ; no     ; no              ; no       ; Off          ; 3.3-V LVTTL  ; Fitter               ;
; i_DC ; 73    ; 2        ; 8            ; 4            ; 1           ; 1                     ; 0                  ; no     ; no              ; no       ; Off          ; 3.3-V LVTTL  ; Fitter               ;
; i_DD ; 54    ; 2        ; 8            ; 1            ; 2           ; 1                     ; 0                  ; no     ; no              ; no       ; Off          ; 3.3-V LVTTL  ; Fitter               ;
; i_DE ; 17    ; 1        ; 1            ; 2            ; 3           ; 1                     ; 0                  ; no     ; no              ; no       ; Off          ; 3.3-V LVTTL  ; Fitter               ;
; i_DF ; 100   ; 2        ; 2            ; 5            ; 2           ; 1                     ; 0                  ; no     ; no              ; no       ; Off          ; 3.3-V LVTTL  ; Fitter               ;
; i_DG ; 19    ; 1        ; 1            ; 1            ; 1           ; 2                     ; 0                  ; no     ; no              ; no       ; Off          ; 3.3-V LVTTL  ; Fitter               ;
; i_DH ; 64    ; 2        ; 8            ; 3            ; 4           ; 1                     ; 0                  ; no     ; no              ; no       ; Off          ; 3.3-V LVTTL  ; Fitter               ;
; i_EA ; 3     ; 1        ; 1            ; 4            ; 1           ; 2                     ; 0                  ; no     ; no              ; no       ; Off          ; 3.3-V LVTTL  ; Fitter               ;
; i_EB ; 38    ; 1        ; 4            ; 0            ; 0           ; 1                     ; 0                  ; no     ; no              ; no       ; Off          ; 3.3-V LVTTL  ; Fitter               ;
; i_EC ; 81    ; 2        ; 6            ; 5            ; 0           ; 2                     ; 0                  ; no     ; no              ; no       ; Off          ; 3.3-V LVTTL  ; Fitter               ;
; i_ED ; 43    ; 1        ; 6            ; 0            ; 3           ; 3                     ; 0                  ; no     ; no              ; no       ; Off          ; 3.3-V LVTTL  ; Fitter               ;
; i_EE ; 18    ; 1        ; 1            ; 1            ; 0           ; 1                     ; 0                  ; no     ; no              ; no       ; Off          ; 3.3-V LVTTL  ; Fitter               ;
; i_EF ; 70    ; 2        ; 8            ; 4            ; 4           ; 3                     ; 0                  ; no     ; no              ; no       ; Off          ; 3.3-V LVTTL  ; Fitter               ;
; i_EG ; 29    ; 1        ; 2            ; 0            ; 0           ; 2                     ; 0                  ; no     ; no              ; no       ; Off          ; 3.3-V LVTTL  ; Fitter               ;
; i_EH ; 69    ; 2        ; 8            ; 3            ; 0           ; 1                     ; 0                  ; no     ; no              ; no       ; Off          ; 3.3-V LVTTL  ; Fitter               ;
; i_FA ; 99    ; 2        ; 2            ; 5            ; 1           ; 2                     ; 0                  ; no     ; no              ; no       ; Off          ; 3.3-V LVTTL  ; Fitter               ;
; i_FB ; 30    ; 1        ; 3            ; 0            ; 3           ; 1                     ; 0                  ; no     ; no              ; no       ; Off          ; 3.3-V LVTTL  ; Fitter               ;
; i_FC ; 76    ; 2        ; 7            ; 5            ; 1           ; 2                     ; 0                  ; no     ; no              ; no       ; Off          ; 3.3-V LVTTL  ; Fitter               ;
; i_FD ; 53    ; 2        ; 8            ; 1            ; 3           ; 1                     ; 0                  ; no     ; no              ; no       ; Off          ; 3.3-V LVTTL  ; Fitter               ;
; i_FE ; 15    ; 1        ; 1            ; 2            ; 1           ; 1                     ; 0                  ; no     ; no              ; no       ; Off          ; 3.3-V LVTTL  ; Fitter               ;
; i_FF ; 95    ; 2        ; 3            ; 5            ; 1           ; 1                     ; 0                  ; no     ; no              ; no       ; Off          ; 3.3-V LVTTL  ; Fitter               ;
; i_FG ; 27    ; 1        ; 2            ; 0            ; 2           ; 1                     ; 0                  ; no     ; no              ; no       ; Off          ; 3.3-V LVTTL  ; Fitter               ;
; i_FH ; 67    ; 2        ; 8            ; 3            ; 2           ; 1                     ; 0                  ; no     ; no              ; no       ; Off          ; 3.3-V LVTTL  ; Fitter               ;
; i_GA ; 7     ; 1        ; 1            ; 3            ; 1           ; 2                     ; 0                  ; no     ; no              ; no       ; Off          ; 3.3-V LVTTL  ; Fitter               ;
; i_GB ; 39    ; 1        ; 5            ; 0            ; 3           ; 1                     ; 0                  ; no     ; no              ; no       ; Off          ; 3.3-V LVTTL  ; Fitter               ;
; i_GC ; 75    ; 2        ; 7            ; 5            ; 0           ; 2                     ; 0                  ; no     ; no              ; no       ; Off          ; 3.3-V LVTTL  ; Fitter               ;
; i_GD ; 52    ; 2        ; 8            ; 1            ; 4           ; 1                     ; 0                  ; no     ; no              ; no       ; Off          ; 3.3-V LVTTL  ; Fitter               ;
; i_GE ; 6     ; 1        ; 1            ; 3            ; 0           ; 2                     ; 0                  ; no     ; no              ; no       ; Off          ; 3.3-V LVTTL  ; Fitter               ;
; i_GF ; 86    ; 2        ; 5            ; 5            ; 1           ; 1                     ; 0                  ; no     ; no              ; no       ; Off          ; 3.3-V LVTTL  ; Fitter               ;
; i_GG ; 44    ; 1        ; 6            ; 0            ; 2           ; 1                     ; 0                  ; no     ; no              ; no       ; Off          ; 3.3-V LVTTL  ; Fitter               ;
; i_GH ; 62    ; 2        ; 8            ; 2            ; 0           ; 3                     ; 0                  ; no     ; no              ; no       ; Off          ; 3.3-V LVTTL  ; Fitter               ;
; i_HA ; 92    ; 2        ; 3            ; 5            ; 0           ; 1                     ; 0                  ; no     ; no              ; no       ; Off          ; 3.3-V LVTTL  ; Fitter               ;
; i_HB ; 37    ; 1        ; 4            ; 0            ; 1           ; 1                     ; 0                  ; no     ; no              ; no       ; Off          ; 3.3-V LVTTL  ; Fitter               ;
; i_HC ; 84    ; 2        ; 6            ; 5            ; 3           ; 2                     ; 0                  ; no     ; no              ; no       ; Off          ; 3.3-V LVTTL  ; Fitter               ;
; i_HD ; 49    ; 1        ; 7            ; 0            ; 2           ; 1                     ; 0                  ; no     ; no              ; no       ; Off          ; 3.3-V LVTTL  ; Fitter               ;
; i_HE ; 20    ; 1        ; 1            ; 1            ; 2           ; 2                     ; 0                  ; no     ; no              ; no       ; Off          ; 3.3-V LVTTL  ; Fitter               ;
; i_HF ; 97    ; 2        ; 3            ; 5            ; 3           ; 1                     ; 0                  ; no     ; no              ; no       ; Off          ; 3.3-V LVTTL  ; Fitter               ;
; i_HG ; 34    ; 1        ; 3            ; 0            ; 1           ; 1                     ; 0                  ; no     ; no              ; no       ; Off          ; 3.3-V LVTTL  ; Fitter               ;
; i_HH ; 66    ; 2        ; 8            ; 3            ; 3           ; 1                     ; 0                  ; no     ; no              ; no       ; Off          ; 3.3-V LVTTL  ; Fitter               ;
+------+-------+----------+--------------+--------------+-------------+-----------------------+--------------------+--------+-----------------+----------+--------------+--------------+----------------------+


+------------------------------------------------------------------------------------------------------------------------------------------------------------------------------------------------------------------------------------------------------------------------------------------------------------------------+
; Output Pins                                                                                                                                                                                                                                                                                                            ;
+------+-------+----------+--------------+--------------+-------------+-----------------+----------------+-----------------+------------+---------------+----------+--------------+--------------+------------------+------------------------+----------------------+-------+----------------------+---------------------+
; Name ; Pin # ; I/O Bank ; X coordinate ; Y coordinate ; Cell number ; Output Register ; Slow Slew Rate ; PCI I/O Enabled ; Open Drain ; TRI Primitive ; Bus Hold ; Weak Pull Up ; I/O Standard ; Current Strength ; Fast Output Connection ; Location assigned by ; Load  ; Output Enable Source ; Output Enable Group ;
+------+-------+----------+--------------+--------------+-------------+-----------------+----------------+-----------------+------------+---------------+----------+--------------+--------------+------------------+------------------------+----------------------+-------+----------------------+---------------------+
; o_A  ; 91    ; 2        ; 4            ; 5            ; 2           ; no              ; no             ; no              ; no         ; no            ; no       ; Off          ; 3.3-V LVTTL  ; 16mA             ; no                     ; Fitter               ; 10 pF ; -                    ; -                   ;
; o_B  ; 85    ; 2        ; 5            ; 5            ; 0           ; no              ; no             ; no              ; no         ; no            ; no       ; Off          ; 3.3-V LVTTL  ; 16mA             ; no                     ; Fitter               ; 10 pF ; -                    ; -                   ;
; o_C  ; 83    ; 2        ; 6            ; 5            ; 2           ; no              ; no             ; no              ; no         ; no            ; no       ; Off          ; 3.3-V LVTTL  ; 16mA             ; yes                    ; Fitter               ; 10 pF ; -                    ; -                   ;
; o_D  ; 47    ; 1        ; 6            ; 0            ; 1           ; no              ; no             ; no              ; no         ; no            ; no       ; Off          ; 3.3-V LVTTL  ; 16mA             ; no                     ; Fitter               ; 10 pF ; -                    ; -                   ;
; o_E  ; 14    ; 1        ; 1            ; 2            ; 0           ; no              ; no             ; no              ; no         ; no            ; no       ; Off          ; 3.3-V LVTTL  ; 16mA             ; yes                    ; Fitter               ; 10 pF ; -                    ; -                   ;
; o_F  ; 68    ; 2        ; 8            ; 3            ; 1           ; no              ; no             ; no              ; no         ; no            ; no       ; Off          ; 3.3-V LVTTL  ; 16mA             ; no                     ; Fitter               ; 10 pF ; -                    ; -                   ;
; o_G  ; 33    ; 1        ; 3            ; 0            ; 2           ; no              ; no             ; no              ; no         ; no            ; no       ; Off          ; 3.3-V LVTTL  ; 16mA             ; no                     ; Fitter               ; 10 pF ; -                    ; -                   ;
; o_H  ; 58    ; 2        ; 8            ; 2            ; 2           ; no              ; no             ; no              ; no         ; no            ; no       ; Off          ; 3.3-V LVTTL  ; 16mA             ; no                     ; Fitter               ; 10 pF ; -                    ; -                   ;
+------+-------+----------+--------------+--------------+-------------+-----------------+----------------+-----------------+------------+---------------+----------+--------------+--------------+------------------+------------------------+----------------------+-------+----------------------+---------------------+


+------------------------------------------------------------+
; I/O Bank Usage                                             ;
+----------+------------------+---------------+--------------+
; I/O Bank ; Usage            ; VCCIO Voltage ; VREF Voltage ;
+----------+------------------+---------------+--------------+
; 1        ; 35 / 38 ( 92 % ) ; 3.3V          ; --           ;
; 2        ; 37 / 42 ( 88 % ) ; 3.3V          ; --           ;
+----------+------------------+---------------+--------------+


+------------------------------------------------------------------------------------------------------------------------------------------------+
; All Package Pins                                                                                                                               ;
+----------+------------+----------+----------------+--------+--------------+-----------+------------+-----------------+----------+--------------+
; Location ; Pad Number ; I/O Bank ; Pin Name/Usage ; Dir.   ; I/O Standard ; Voltage   ; I/O Type   ; User Assignment ; Bus Hold ; Weak Pull Up ;
+----------+------------+----------+----------------+--------+--------------+-----------+------------+-----------------+----------+--------------+
; 1        ; 83         ; 2        ; i_BF           ; input  ; 3.3-V LVTTL  ;           ; Column I/O ; N               ; no       ; Off          ;
; 2        ; 0          ; 1        ; i_BA           ; input  ; 3.3-V LVTTL  ;           ; Row I/O    ; N               ; no       ; Off          ;
; 3        ; 1          ; 1        ; i_EA           ; input  ; 3.3-V LVTTL  ;           ; Row I/O    ; N               ; no       ; Off          ;
; 4        ; 2          ; 1        ; i_CF           ; input  ; 3.3-V LVTTL  ;           ; Row I/O    ; N               ; no       ; Off          ;
; 5        ; 3          ; 1        ; i_DA           ; input  ; 3.3-V LVTTL  ;           ; Row I/O    ; N               ; no       ; Off          ;
; 6        ; 4          ; 1        ; i_GE           ; input  ; 3.3-V LVTTL  ;           ; Row I/O    ; N               ; no       ; Off          ;
; 7        ; 5          ; 1        ; i_GA           ; input  ; 3.3-V LVTTL  ;           ; Row I/O    ; N               ; no       ; Off          ;
; 8        ; 6          ; 1        ; GND*           ;        ;              ;           ; Row I/O    ;                 ; no       ; Off          ;
; 9        ;            ; 1        ; VCCIO1         ; power  ;              ; 3.3V      ; --         ;                 ; --       ; --           ;
; 10       ;            ;          ; GNDIO          ; gnd    ;              ;           ; --         ;                 ; --       ; --           ;
; 11       ;            ;          ; GNDINT         ; gnd    ;              ;           ; --         ;                 ; --       ; --           ;
; 12       ; 7          ; 1        ; i_AA           ; input  ; 3.3-V LVTTL  ;           ; Row I/O    ; N               ; no       ; Off          ;
; 13       ;            ;          ; VCCINT         ; power  ;              ; 2.5V/3.3V ; --         ;                 ; --       ; --           ;
; 14       ; 8          ; 1        ; o_E            ; output ; 3.3-V LVTTL  ;           ; Row I/O    ; N               ; no       ; Off          ;
; 15       ; 9          ; 1        ; i_FE           ; input  ; 3.3-V LVTTL  ;           ; Row I/O    ; N               ; no       ; Off          ;
; 16       ; 10         ; 1        ; i_AE           ; input  ; 3.3-V LVTTL  ;           ; Row I/O    ; N               ; no       ; Off          ;
; 17       ; 11         ; 1        ; i_DE           ; input  ; 3.3-V LVTTL  ;           ; Row I/O    ; N               ; no       ; Off          ;
; 18       ; 12         ; 1        ; i_EE           ; input  ; 3.3-V LVTTL  ;           ; Row I/O    ; N               ; no       ; Off          ;
; 19       ; 13         ; 1        ; i_DG           ; input  ; 3.3-V LVTTL  ;           ; Row I/O    ; N               ; no       ; Off          ;
; 20       ; 14         ; 1        ; i_HE           ; input  ; 3.3-V LVTTL  ;           ; Row I/O    ; N               ; no       ; Off          ;
; 21       ; 15         ; 1        ; GND*           ;        ;              ;           ; Row I/O    ;                 ; no       ; Off          ;
; 22       ; 16         ; 1        ; #TMS           ; input  ;              ;           ; --         ;                 ; --       ; --           ;
; 23       ; 17         ; 1        ; #TDI           ; input  ;              ;           ; --         ;                 ; --       ; --           ;
; 24       ; 18         ; 1        ; #TCK           ; input  ;              ;           ; --         ;                 ; --       ; --           ;
; 25       ; 19         ; 1        ; #TDO           ; output ;              ;           ; --         ;                 ; --       ; --           ;
; 26       ; 20         ; 1        ; i_AG           ; input  ; 3.3-V LVTTL  ;           ; Column I/O ; N               ; no       ; Off          ;
; 27       ; 21         ; 1        ; i_FG           ; input  ; 3.3-V LVTTL  ;           ; Column I/O ; N               ; no       ; Off          ;
; 28       ; 22         ; 1        ; i_BG           ; input  ; 3.3-V LVTTL  ;           ; Column I/O ; N               ; no       ; Off          ;
; 29       ; 23         ; 1        ; i_EG           ; input  ; 3.3-V LVTTL  ;           ; Column I/O ; N               ; no       ; Off          ;
; 30       ; 24         ; 1        ; i_FB           ; input  ; 3.3-V LVTTL  ;           ; Column I/O ; N               ; no       ; Off          ;
; 31       ;            ; 1        ; VCCIO1         ; power  ;              ; 3.3V      ; --         ;                 ; --       ; --           ;
; 32       ;            ;          ; GNDIO          ; gnd    ;              ;           ; --         ;                 ; --       ; --           ;
; 33       ; 25         ; 1        ; o_G            ; output ; 3.3-V LVTTL  ;           ; Column I/O ; N               ; no       ; Off          ;
; 34       ; 26         ; 1        ; i_HG           ; input  ; 3.3-V LVTTL  ;           ; Column I/O ; N               ; no       ; Off          ;
; 35       ; 27         ; 1        ; i_CB           ; input  ; 3.3-V LVTTL  ;           ; Column I/O ; N               ; no       ; Off          ;
; 36       ; 28         ; 1        ; i_BB           ; input  ; 3.3-V LVTTL  ;           ; Column I/O ; N               ; no       ; Off          ;
; 37       ; 29         ; 1        ; i_HB           ; input  ; 3.3-V LVTTL  ;           ; Column I/O ; N               ; no       ; Off          ;
; 38       ; 30         ; 1        ; i_EB           ; input  ; 3.3-V LVTTL  ;           ; Column I/O ; N               ; no       ; Off          ;
; 39       ; 31         ; 1        ; i_GB           ; input  ; 3.3-V LVTTL  ;           ; Column I/O ; N               ; no       ; Off          ;
; 40       ; 32         ; 1        ; i_DB           ; input  ; 3.3-V LVTTL  ;           ; Column I/O ; N               ; no       ; Off          ;
; 41       ; 33         ; 1        ; i_AB           ; input  ; 3.3-V LVTTL  ;           ; Column I/O ; N               ; no       ; Off          ;
; 42       ; 34         ; 1        ; GND*           ;        ;              ;           ; Column I/O ;                 ; no       ; Off          ;
; 43       ; 35         ; 1        ; i_ED           ; input  ; 3.3-V LVTTL  ;           ; Column I/O ; N               ; no       ; Off          ;
; 44       ; 36         ; 1        ; i_GG           ; input  ; 3.3-V LVTTL  ;           ; Column I/O ; N               ; no       ; Off          ;
; 45       ;            ; 1        ; VCCIO1         ; power  ;              ; 3.3V      ; --         ;                 ; --       ; --           ;
; 46       ;            ;          ; GNDIO          ; gnd    ;              ;           ; --         ;                 ; --       ; --           ;
; 47       ; 37         ; 1        ; o_D            ; output ; 3.3-V LVTTL  ;           ; Column I/O ; N               ; no       ; Off          ;
; 48       ; 38         ; 1        ; i_CG           ; input  ; 3.3-V LVTTL  ;           ; Column I/O ; N               ; no       ; Off          ;
; 49       ; 39         ; 1        ; i_HD           ; input  ; 3.3-V LVTTL  ;           ; Column I/O ; N               ; no       ; Off          ;
; 50       ; 40         ; 1        ; i_AD           ; input  ; 3.3-V LVTTL  ;           ; Column I/O ; N               ; no       ; Off          ;
; 51       ; 41         ; 1        ; i_BD           ; input  ; 3.3-V LVTTL  ;           ; Column I/O ; N               ; no       ; Off          ;
; 52       ; 42         ; 2        ; i_GD           ; input  ; 3.3-V LVTTL  ;           ; Row I/O    ; N               ; no       ; Off          ;
; 53       ; 43         ; 2        ; i_FD           ; input  ; 3.3-V LVTTL  ;           ; Row I/O    ; N               ; no       ; Off          ;
; 54       ; 44         ; 2        ; i_DD           ; input  ; 3.3-V LVTTL  ;           ; Row I/O    ; N               ; no       ; Off          ;
; 55       ; 45         ; 2        ; i_CD           ; input  ; 3.3-V LVTTL  ;           ; Row I/O    ; N               ; no       ; Off          ;
; 56       ; 46         ; 2        ; GND*           ;        ;              ;           ; Row I/O    ;                 ; no       ; Off          ;
; 57       ; 47         ; 2        ; GND*           ;        ;              ;           ; Row I/O    ;                 ; no       ; Off          ;
; 58       ; 48         ; 2        ; o_H            ; output ; 3.3-V LVTTL  ;           ; Row I/O    ; N               ; no       ; Off          ;
; 59       ;            ; 2        ; VCCIO2         ; power  ;              ; 3.3V      ; --         ;                 ; --       ; --           ;
; 60       ;            ;          ; GNDIO          ; gnd    ;              ;           ; --         ;                 ; --       ; --           ;
; 61       ; 49         ; 2        ; i_CH           ; input  ; 3.3-V LVTTL  ;           ; Row I/O    ; N               ; no       ; Off          ;
; 62       ; 50         ; 2        ; i_GH           ; input  ; 3.3-V LVTTL  ;           ; Row I/O    ; N               ; no       ; Off          ;
; 63       ;            ;          ; VCCINT         ; power  ;              ; 2.5V/3.3V ; --         ;                 ; --       ; --           ;
; 64       ; 51         ; 2        ; i_DH           ; input  ; 3.3-V LVTTL  ;           ; Row I/O    ; N               ; no       ; Off          ;
; 65       ;            ;          ; GNDINT         ; gnd    ;              ;           ; --         ;                 ; --       ; --           ;
; 66       ; 52         ; 2        ; i_HH           ; input  ; 3.3-V LVTTL  ;           ; Row I/O    ; N               ; no       ; Off          ;
; 67       ; 53         ; 2        ; i_FH           ; input  ; 3.3-V LVTTL  ;           ; Row I/O    ; N               ; no       ; Off          ;
; 68       ; 54         ; 2        ; o_F            ; output ; 3.3-V LVTTL  ;           ; Row I/O    ; N               ; no       ; Off          ;
; 69       ; 55         ; 2        ; i_EH           ; input  ; 3.3-V LVTTL  ;           ; Row I/O    ; N               ; no       ; Off          ;
; 70       ; 56         ; 2        ; i_EF           ; input  ; 3.3-V LVTTL  ;           ; Row I/O    ; N               ; no       ; Off          ;
; 71       ; 57         ; 2        ; i_AH           ; input  ; 3.3-V LVTTL  ;           ; Row I/O    ; N               ; no       ; Off          ;
; 72       ; 58         ; 2        ; i_BH           ; input  ; 3.3-V LVTTL  ;           ; Row I/O    ; N               ; no       ; Off          ;
; 73       ; 59         ; 2        ; i_DC           ; input  ; 3.3-V LVTTL  ;           ; Row I/O    ; N               ; no       ; Off          ;
; 74       ; 60         ; 2        ; GND*           ;        ;              ;           ; Row I/O    ;                 ; no       ; Off          ;
; 75       ; 61         ; 2        ; i_GC           ; input  ; 3.3-V LVTTL  ;           ; Column I/O ; N               ; no       ; Off          ;
; 76       ; 62         ; 2        ; i_FC           ; input  ; 3.3-V LVTTL  ;           ; Column I/O ; N               ; no       ; Off          ;
; 77       ; 63         ; 2        ; i_BC           ; input  ; 3.3-V LVTTL  ;           ; Column I/O ; N               ; no       ; Off          ;
; 78       ; 64         ; 2        ; GND*           ;        ;              ;           ; Column I/O ;                 ; no       ; Off          ;
; 79       ;            ;          ; GNDIO          ; gnd    ;              ;           ; --         ;                 ; --       ; --           ;
; 80       ;            ; 2        ; VCCIO2         ; power  ;              ; 3.3V      ; --         ;                 ; --       ; --           ;
; 81       ; 65         ; 2        ; i_EC           ; input  ; 3.3-V LVTTL  ;           ; Column I/O ; N               ; no       ; Off          ;
; 82       ; 66         ; 2        ; i_AC           ; input  ; 3.3-V LVTTL  ;           ; Column I/O ; N               ; no       ; Off          ;
; 83       ; 67         ; 2        ; o_C            ; output ; 3.3-V LVTTL  ;           ; Column I/O ; N               ; no       ; Off          ;
; 84       ; 68         ; 2        ; i_HC           ; input  ; 3.3-V LVTTL  ;           ; Column I/O ; N               ; no       ; Off          ;
; 85       ; 69         ; 2        ; o_B            ; output ; 3.3-V LVTTL  ;           ; Column I/O ; N               ; no       ; Off          ;
; 86       ; 70         ; 2        ; i_GF           ; input  ; 3.3-V LVTTL  ;           ; Column I/O ; N               ; no       ; Off          ;
; 87       ; 71         ; 2        ; i_CC           ; input  ; 3.3-V LVTTL  ;           ; Column I/O ; N               ; no       ; Off          ;
; 88       ; 72         ; 2        ; i_CA           ; input  ; 3.3-V LVTTL  ;           ; Column I/O ; N               ; no       ; Off          ;
; 89       ; 73         ; 2        ; GND*           ;        ;              ;           ; Column I/O ;                 ; no       ; Off          ;
; 90       ; 74         ; 2        ; i_BE           ; input  ; 3.3-V LVTTL  ;           ; Column I/O ; N               ; no       ; Off          ;
; 91       ; 75         ; 2        ; o_A            ; output ; 3.3-V LVTTL  ;           ; Column I/O ; N               ; no       ; Off          ;
; 92       ; 76         ; 2        ; i_HA           ; input  ; 3.3-V LVTTL  ;           ; Column I/O ; N               ; no       ; Off          ;
; 93       ;            ;          ; GNDIO          ; gnd    ;              ;           ; --         ;                 ; --       ; --           ;
; 94       ;            ; 2        ; VCCIO2         ; power  ;              ; 3.3V      ; --         ;                 ; --       ; --           ;
; 95       ; 77         ; 2        ; i_FF           ; input  ; 3.3-V LVTTL  ;           ; Column I/O ; N               ; no       ; Off          ;
; 96       ; 78         ; 2        ; i_CE           ; input  ; 3.3-V LVTTL  ;           ; Column I/O ; N               ; no       ; Off          ;
; 97       ; 79         ; 2        ; i_HF           ; input  ; 3.3-V LVTTL  ;           ; Column I/O ; N               ; no       ; Off          ;
; 98       ; 80         ; 2        ; i_AF           ; input  ; 3.3-V LVTTL  ;           ; Column I/O ; N               ; no       ; Off          ;
; 99       ; 81         ; 2        ; i_FA           ; input  ; 3.3-V LVTTL  ;           ; Column I/O ; N               ; no       ; Off          ;
; 100      ; 82         ; 2        ; i_DF           ; input  ; 3.3-V LVTTL  ;           ; Column I/O ; N               ; no       ; Off          ;
+----------+------------+----------+----------------+--------+--------------+-----------+------------+-----------------+----------+--------------+
Note: Pin directions (input, output or bidir) are based on device operating in user mode.


+-------------------------------------------------------------+
; Output Pin Default Load For Reported TCO                    ;
+----------------------------+-------+------------------------+
; I/O Standard               ; Load  ; Termination Resistance ;
+----------------------------+-------+------------------------+
; 3.3-V LVTTL                ; 10 pF ; Not Available          ;
; 3.3-V LVCMOS               ; 10 pF ; Not Available          ;
; 2.5 V                      ; 10 pF ; Not Available          ;
; 1.8 V                      ; 10 pF ; Not Available          ;
; 1.5 V                      ; 10 pF ; Not Available          ;
; 3.3V Schmitt Trigger Input ; 10 pF ; Not Available          ;
; 2.5V Schmitt Trigger Input ; 10 pF ; Not Available          ;
+----------------------------+-------+------------------------+
Note: User assignments will override these defaults. The user specified values are listed in the Output Pins and Bidir Pins tables.


+-------------------------------------------------------------------------------------------------------------------------------------------------------------------------------------------------------------------------------------------+
; Fitter Resource Utilization by Entity                                                                                                                                                                                                     ;
+----------------------------+-------------+--------------+------------+------+--------------+--------------+-------------------+------------------+-----------------+------------+------------------------------------------+--------------+
; Compilation Hierarchy Node ; Logic Cells ; LC Registers ; UFM Blocks ; Pins ; Virtual Pins ; LUT-Only LCs ; Register-Only LCs ; LUT/Register LCs ; Carry Chain LCs ; Packed LCs ; Full Hierarchy Name                      ; Library Name ;
+----------------------------+-------------+--------------+------------+------+--------------+--------------+-------------------+------------------+-----------------+------------+------------------------------------------+--------------+
; |InterlockCombined         ; 32 (0)      ; 0            ; 0          ; 72   ; 0            ; 32 (0)       ; 0 (0)             ; 0 (0)            ; 0 (0)           ; 0 (0)      ; |InterlockCombined                       ; work         ;
;    |InterlockA:ContactorA| ; 5 (5)       ; 0            ; 0          ; 0    ; 0            ; 5 (5)        ; 0 (0)             ; 0 (0)            ; 0 (0)           ; 0 (0)      ; |InterlockCombined|InterlockA:ContactorA ; work         ;
;    |InterlockB:ContactorB| ; 3 (3)       ; 0            ; 0          ; 0    ; 0            ; 3 (3)        ; 0 (0)             ; 0 (0)            ; 0 (0)           ; 0 (0)      ; |InterlockCombined|InterlockB:ContactorB ; work         ;
;    |InterlockC:ContactorC| ; 5 (5)       ; 0            ; 0          ; 0    ; 0            ; 5 (5)        ; 0 (0)             ; 0 (0)            ; 0 (0)           ; 0 (0)      ; |InterlockCombined|InterlockC:ContactorC ; work         ;
;    |InterlockD:ContactorD| ; 3 (3)       ; 0            ; 0          ; 0    ; 0            ; 3 (3)        ; 0 (0)             ; 0 (0)            ; 0 (0)           ; 0 (0)      ; |InterlockCombined|InterlockD:ContactorD ; work         ;
;    |InterlockE:ContactorE| ; 5 (5)       ; 0            ; 0          ; 0    ; 0            ; 5 (5)        ; 0 (0)             ; 0 (0)            ; 0 (0)           ; 0 (0)      ; |InterlockCombined|InterlockE:ContactorE ; work         ;
;    |InterlockF:ContactorF| ; 3 (3)       ; 0            ; 0          ; 0    ; 0            ; 3 (3)        ; 0 (0)             ; 0 (0)            ; 0 (0)           ; 0 (0)      ; |InterlockCombined|InterlockF:ContactorF ; work         ;
;    |InterlockG:ContactorG| ; 5 (5)       ; 0            ; 0          ; 0    ; 0            ; 5 (5)        ; 0 (0)             ; 0 (0)            ; 0 (0)           ; 0 (0)      ; |InterlockCombined|InterlockG:ContactorG ; work         ;
;    |InterlockH:ContactorH| ; 3 (3)       ; 0            ; 0          ; 0    ; 0            ; 3 (3)        ; 0 (0)             ; 0 (0)            ; 0 (0)           ; 0 (0)      ; |InterlockCombined|InterlockH:ContactorH ; work         ;
+----------------------------+-------------+--------------+------------+------+--------------+--------------+-------------------+------------------+-----------------+------------+------------------------------------------+--------------+
Note: For table entries with two numbers listed, the numbers in parentheses indicate the number of resources of the given type used by the specific entity alone. The numbers listed outside of parentheses indicate the total resources of the given type used by the specific entity and all of its sub-entities in the hierarchy.


+---------------------------------+
; Delay Chain Summary             ;
+------+----------+---------------+
; Name ; Pin Type ; Pad to Core 0 ;
+------+----------+---------------+
; o_A  ; Output   ; --            ;
; o_B  ; Output   ; --            ;
; o_C  ; Output   ; --            ;
; o_D  ; Output   ; --            ;
; o_E  ; Output   ; --            ;
; o_F  ; Output   ; --            ;
; o_G  ; Output   ; --            ;
; o_H  ; Output   ; --            ;
; i_AA ; Input    ; (1)           ;
; i_HA ; Input    ; (1)           ;
; i_GA ; Input    ; (1)           ;
; i_FA ; Input    ; (1)           ;
; i_EA ; Input    ; (1)           ;
; i_CA ; Input    ; (1)           ;
; i_DA ; Input    ; (1)           ;
; i_BA ; Input    ; (1)           ;
; i_HB ; Input    ; (1)           ;
; i_BB ; Input    ; (1)           ;
; i_AB ; Input    ; (1)           ;
; i_DB ; Input    ; (1)           ;
; i_CB ; Input    ; (1)           ;
; i_EB ; Input    ; (1)           ;
; i_GB ; Input    ; (1)           ;
; i_FB ; Input    ; (1)           ;
; i_CC ; Input    ; (1)           ;
; i_BC ; Input    ; (1)           ;
; i_AC ; Input    ; (1)           ;
; i_HC ; Input    ; (1)           ;
; i_GC ; Input    ; (1)           ;
; i_EC ; Input    ; (1)           ;
; i_FC ; Input    ; (1)           ;
; i_DC ; Input    ; (1)           ;
; i_CD ; Input    ; (1)           ;
; i_DD ; Input    ; (1)           ;
; i_ED ; Input    ; (1)           ;
; i_FD ; Input    ; (1)           ;
; i_BD ; Input    ; (1)           ;
; i_GD ; Input    ; (1)           ;
; i_AD ; Input    ; (1)           ;
; i_HD ; Input    ; (1)           ;
; i_EE ; Input    ; (1)           ;
; i_FE ; Input    ; (1)           ;
; i_GE ; Input    ; (1)           ;
; i_HE ; Input    ; (1)           ;
; i_AE ; Input    ; (1)           ;
; i_CE ; Input    ; (1)           ;
; i_BE ; Input    ; (1)           ;
; i_DE ; Input    ; (1)           ;
; i_GF ; Input    ; (1)           ;
; i_FF ; Input    ; (1)           ;
; i_EF ; Input    ; (1)           ;
; i_DF ; Input    ; (1)           ;
; i_HF ; Input    ; (1)           ;
; i_BF ; Input    ; (1)           ;
; i_AF ; Input    ; (1)           ;
; i_CF ; Input    ; (1)           ;
; i_GG ; Input    ; (1)           ;
; i_FG ; Input    ; (1)           ;
; i_EG ; Input    ; (1)           ;
; i_DG ; Input    ; (1)           ;
; i_CG ; Input    ; (1)           ;
; i_AG ; Input    ; (1)           ;
; i_BG ; Input    ; (1)           ;
; i_HG ; Input    ; (1)           ;
; i_AH ; Input    ; (1)           ;
; i_HH ; Input    ; (1)           ;
; i_GH ; Input    ; (1)           ;
; i_FH ; Input    ; (1)           ;
; i_BH ; Input    ; (1)           ;
; i_EH ; Input    ; (1)           ;
; i_CH ; Input    ; (1)           ;
; i_DH ; Input    ; (1)           ;
+------+----------+---------------+


+---------------------------------------+
; Non-Global High Fan-Out Signals       ;
+-----------------------------+---------+
; Name                        ; Fan-Out ;
+-----------------------------+---------+
; i_GH                        ; 3       ;
; i_EF                        ; 3       ;
; i_ED                        ; 3       ;
; i_BG                        ; 2       ;
; i_AG                        ; 2       ;
; i_CG                        ; 2       ;
; i_DG                        ; 2       ;
; i_EG                        ; 2       ;
; i_BE                        ; 2       ;
; i_CE                        ; 2       ;
; i_AE                        ; 2       ;
; i_HE                        ; 2       ;
; i_GE                        ; 2       ;
; i_FC                        ; 2       ;
; i_EC                        ; 2       ;
; i_GC                        ; 2       ;
; i_HC                        ; 2       ;
; i_AC                        ; 2       ;
; i_CB                        ; 2       ;
; i_AB                        ; 2       ;
; i_DA                        ; 2       ;
; i_CA                        ; 2       ;
; i_EA                        ; 2       ;
; i_FA                        ; 2       ;
; i_GA                        ; 2       ;
; InterlockH:ContactorH|o_H~2 ; 1       ;
; InterlockH:ContactorH|o_H~1 ; 1       ;
; InterlockH:ContactorH|o_H~0 ; 1       ;
; i_DH                        ; 1       ;
; i_CH                        ; 1       ;
; i_EH                        ; 1       ;
; i_BH                        ; 1       ;
; i_FH                        ; 1       ;
; i_HH                        ; 1       ;
; i_AH                        ; 1       ;
; InterlockG:ContactorG|o_G~4 ; 1       ;
; InterlockG:ContactorG|o_G~3 ; 1       ;
; InterlockG:ContactorG|o_G~2 ; 1       ;
; i_HG                        ; 1       ;
; InterlockG:ContactorG|o_G~1 ; 1       ;
; InterlockG:ContactorG|o_G~0 ; 1       ;
; i_FG                        ; 1       ;
; i_GG                        ; 1       ;
; InterlockF:ContactorF|o_F~2 ; 1       ;
; InterlockF:ContactorF|o_F~1 ; 1       ;
; InterlockF:ContactorF|o_F~0 ; 1       ;
; i_CF                        ; 1       ;
; i_AF                        ; 1       ;
; i_BF                        ; 1       ;
; i_HF                        ; 1       ;
; i_DF                        ; 1       ;
; i_FF                        ; 1       ;
; i_GF                        ; 1       ;
; InterlockE:ContactorE|o_E~4 ; 1       ;
; InterlockE:ContactorE|o_E~3 ; 1       ;
; InterlockE:ContactorE|o_E~2 ; 1       ;
; i_DE                        ; 1       ;
; InterlockE:ContactorE|o_E~1 ; 1       ;
; InterlockE:ContactorE|o_E~0 ; 1       ;
; i_FE                        ; 1       ;
; i_EE                        ; 1       ;
; InterlockD:ContactorD|o_D~2 ; 1       ;
; InterlockD:ContactorD|o_D~1 ; 1       ;
; InterlockD:ContactorD|o_D~0 ; 1       ;
; i_HD                        ; 1       ;
; i_AD                        ; 1       ;
; i_GD                        ; 1       ;
; i_BD                        ; 1       ;
; i_FD                        ; 1       ;
; i_DD                        ; 1       ;
; i_CD                        ; 1       ;
; InterlockC:ContactorC|o_C~4 ; 1       ;
; InterlockC:ContactorC|o_C~3 ; 1       ;
; InterlockC:ContactorC|o_C~2 ; 1       ;
; i_DC                        ; 1       ;
; InterlockC:ContactorC|o_C~1 ; 1       ;
; InterlockC:ContactorC|o_C~0 ; 1       ;
; i_BC                        ; 1       ;
; i_CC                        ; 1       ;
; InterlockB:ContactorB|o_B~2 ; 1       ;
; InterlockB:ContactorB|o_B~1 ; 1       ;
; InterlockB:ContactorB|o_B~0 ; 1       ;
; i_FB                        ; 1       ;
; i_GB                        ; 1       ;
; i_EB                        ; 1       ;
; i_DB                        ; 1       ;
; i_BB                        ; 1       ;
; i_HB                        ; 1       ;
; InterlockA:ContactorA|o_A~4 ; 1       ;
; InterlockA:ContactorA|o_A~3 ; 1       ;
; InterlockA:ContactorA|o_A~2 ; 1       ;
; i_BA                        ; 1       ;
; InterlockA:ContactorA|o_A~1 ; 1       ;
; InterlockA:ContactorA|o_A~0 ; 1       ;
; i_HA                        ; 1       ;
; i_AA                        ; 1       ;
+-----------------------------+---------+


+-------------------------------------------+
; Routing Usage Summary                     ;
+-----------------------+-------------------+
; Routing Resource Type ; Usage             ;
+-----------------------+-------------------+
; C4s                   ; 50 / 784 ( 6 % )  ;
; Direct links          ; 1 / 888 ( < 1 % ) ;
; Global clocks         ; 0 / 4 ( 0 % )     ;
; LAB clocks            ; 0 / 32 ( 0 % )    ;
; LUT chains            ; 2 / 216 ( < 1 % ) ;
; Local interconnects   ; 72 / 888 ( 8 % )  ;
; R4s                   ; 15 / 704 ( 2 % )  ;
+-----------------------+-------------------+


+--------------------------------------------------------------------------+
; LAB Logic Elements                                                       ;
+--------------------------------------------+-----------------------------+
; Number of Logic Elements  (Average = 4.00) ; Number of LABs  (Total = 8) ;
+--------------------------------------------+-----------------------------+
; 1                                          ; 0                           ;
; 2                                          ; 0                           ;
; 3                                          ; 4                           ;
; 4                                          ; 0                           ;
; 5                                          ; 4                           ;
; 6                                          ; 0                           ;
; 7                                          ; 0                           ;
; 8                                          ; 0                           ;
; 9                                          ; 0                           ;
; 10                                         ; 0                           ;
+--------------------------------------------+-----------------------------+


+---------------------------------------------------------------------------+
; LAB Signals Sourced                                                       ;
+---------------------------------------------+-----------------------------+
; Number of Signals Sourced  (Average = 4.00) ; Number of LABs  (Total = 8) ;
+---------------------------------------------+-----------------------------+
; 0                                           ; 0                           ;
; 1                                           ; 0                           ;
; 2                                           ; 0                           ;
; 3                                           ; 4                           ;
; 4                                           ; 0                           ;
; 5                                           ; 4                           ;
+---------------------------------------------+-----------------------------+


+-------------------------------------------------------------------------------+
; LAB Signals Sourced Out                                                       ;
+-------------------------------------------------+-----------------------------+
; Number of Signals Sourced Out  (Average = 1.00) ; Number of LABs  (Total = 8) ;
+-------------------------------------------------+-----------------------------+
; 0                                               ; 0                           ;
; 1                                               ; 8                           ;
+-------------------------------------------------+-----------------------------+


+---------------------------------------------------------------------------+
; LAB Distinct Inputs                                                       ;
+---------------------------------------------+-----------------------------+
; Number of Distinct Inputs  (Average = 8.00) ; Number of LABs  (Total = 8) ;
+---------------------------------------------+-----------------------------+
; 0                                           ; 0                           ;
; 1                                           ; 0                           ;
; 2                                           ; 0                           ;
; 3                                           ; 0                           ;
; 4                                           ; 0                           ;
; 5                                           ; 0                           ;
; 6                                           ; 0                           ;
; 7                                           ; 0                           ;
; 8                                           ; 8                           ;
+---------------------------------------------+-----------------------------+


+-------------------------------------------------------------------------+
; Fitter Device Options                                                   ;
+----------------------------------------------+--------------------------+
; Option                                       ; Setting                  ;
+----------------------------------------------+--------------------------+
; Enable user-supplied start-up clock (CLKUSR) ; Off                      ;
; Enable device-wide reset (DEV_CLRn)          ; Off                      ;
; Enable device-wide output enable (DEV_OE)    ; Off                      ;
; Enable INIT_DONE output                      ; Off                      ;
; Configuration scheme                         ; Passive Serial           ;
; Reserve all unused pins                      ; As output driving ground ;
; Base pin-out file on sameframe device        ; Off                      ;
+----------------------------------------------+--------------------------+


+-----------------+
; Fitter Messages ;
+-----------------+
Info (11104): Parallel Compilation has detected 8 hyper-threaded processors. However, the extra hyper-threaded processors will not be used by default. Parallel Compilation will use 4 of the 4 physical processors detected instead.
Info (119006): Selected device EPM240T100C5 for design "INTERLOCK"
Info (21077): Low junction temperature is 0 degrees C
Info (21077): High junction temperature is 85 degrees C
Info (171003): Fitter is performing an Auto Fit compilation, which may decrease Fitter effort to reduce compilation time
Warning (292013): Feature LogicLock is only available with a valid subscription license. You can purchase a software subscription to gain full access to this feature.
Info (176444): Device migration not selected. If you intend to use device migration later, you may need to change the pin assignments as they may be incompatible with other devices
    Info (176445): Device EPM240T100I5 is compatible
    Info (176445): Device EPM240T100A5 is compatible
    Info (176445): Device EPM570T100C5 is compatible
    Info (176445): Device EPM570T100I5 is compatible
    Info (176445): Device EPM570T100A5 is compatible
Critical Warning (169085): No exact pin location assignment(s) for 72 pins of 72 total pins
    Info (169086): Pin o_A not assigned to an exact location on the device
    Info (169086): Pin o_B not assigned to an exact location on the device
    Info (169086): Pin o_C not assigned to an exact location on the device
    Info (169086): Pin o_D not assigned to an exact location on the device
    Info (169086): Pin o_E not assigned to an exact location on the device
    Info (169086): Pin o_F not assigned to an exact location on the device
    Info (169086): Pin o_G not assigned to an exact location on the device
    Info (169086): Pin o_H not assigned to an exact location on the device
    Info (169086): Pin i_AA not assigned to an exact location on the device
    Info (169086): Pin i_HA not assigned to an exact location on the device
    Info (169086): Pin i_GA not assigned to an exact location on the device
    Info (169086): Pin i_FA not assigned to an exact location on the device
    Info (169086): Pin i_EA not assigned to an exact location on the device
    Info (169086): Pin i_CA not assigned to an exact location on the device
    Info (169086): Pin i_DA not assigned to an exact location on the device
    Info (169086): Pin i_BA not assigned to an exact location on the device
    Info (169086): Pin i_HB not assigned to an exact location on the device
    Info (169086): Pin i_BB not assigned to an exact location on the device
    Info (169086): Pin i_AB not assigned to an exact location on the device
    Info (169086): Pin i_DB not assigned to an exact location on the device
    Info (169086): Pin i_CB not assigned to an exact location on the device
    Info (169086): Pin i_EB not assigned to an exact location on the device
    Info (169086): Pin i_GB not assigned to an exact location on the device
    Info (169086): Pin i_FB not assigned to an exact location on the device
    Info (169086): Pin i_CC not assigned to an exact location on the device
    Info (169086): Pin i_BC not assigned to an exact location on the device
    Info (169086): Pin i_AC not assigned to an exact location on the device
    Info (169086): Pin i_HC not assigned to an exact location on the device
    Info (169086): Pin i_GC not assigned to an exact location on the device
    Info (169086): Pin i_EC not assigned to an exact location on the device
    Info (169086): Pin i_FC not assigned to an exact location on the device
    Info (169086): Pin i_DC not assigned to an exact location on the device
    Info (169086): Pin i_CD not assigned to an exact location on the device
    Info (169086): Pin i_DD not assigned to an exact location on the device
    Info (169086): Pin i_ED not assigned to an exact location on the device
    Info (169086): Pin i_FD not assigned to an exact location on the device
    Info (169086): Pin i_BD not assigned to an exact location on the device
    Info (169086): Pin i_GD not assigned to an exact location on the device
    Info (169086): Pin i_AD not assigned to an exact location on the device
    Info (169086): Pin i_HD not assigned to an exact location on the device
    Info (169086): Pin i_EE not assigned to an exact location on the device
    Info (169086): Pin i_FE not assigned to an exact location on the device
    Info (169086): Pin i_GE not assigned to an exact location on the device
    Info (169086): Pin i_HE not assigned to an exact location on the device
    Info (169086): Pin i_AE not assigned to an exact location on the device
    Info (169086): Pin i_CE not assigned to an exact location on the device
    Info (169086): Pin i_BE not assigned to an exact location on the device
    Info (169086): Pin i_DE not assigned to an exact location on the device
    Info (169086): Pin i_GF not assigned to an exact location on the device
    Info (169086): Pin i_FF not assigned to an exact location on the device
    Info (169086): Pin i_EF not assigned to an exact location on the device
    Info (169086): Pin i_DF not assigned to an exact location on the device
    Info (169086): Pin i_HF not assigned to an exact location on the device
    Info (169086): Pin i_BF not assigned to an exact location on the device
    Info (169086): Pin i_AF not assigned to an exact location on the device
    Info (169086): Pin i_CF not assigned to an exact location on the device
    Info (169086): Pin i_GG not assigned to an exact location on the device
    Info (169086): Pin i_FG not assigned to an exact location on the device
    Info (169086): Pin i_EG not assigned to an exact location on the device
    Info (169086): Pin i_DG not assigned to an exact location on the device
    Info (169086): Pin i_CG not assigned to an exact location on the device
    Info (169086): Pin i_AG not assigned to an exact location on the device
    Info (169086): Pin i_BG not assigned to an exact location on the device
    Info (169086): Pin i_HG not assigned to an exact location on the device
    Info (169086): Pin i_AH not assigned to an exact location on the device
    Info (169086): Pin i_HH not assigned to an exact location on the device
    Info (169086): Pin i_GH not assigned to an exact location on the device
    Info (169086): Pin i_FH not assigned to an exact location on the device
    Info (169086): Pin i_BH not assigned to an exact location on the device
    Info (169086): Pin i_EH not assigned to an exact location on the device
    Info (169086): Pin i_CH not assigned to an exact location on the device
    Info (169086): Pin i_DH not assigned to an exact location on the device
Critical Warning (332012): Synopsys Design Constraints File file not found: 'INTERLOCK.sdc'. A Synopsys Design Constraints File is required by the TimeQuest Timing Analyzer to get proper timing constraints. Without it, the Compiler will not properly optimize the design.
Info (332144): No user constrained base clocks found in the design
Info (332096): The command derive_clocks did not find any clocks to derive.  No clocks were created or changed.
Warning (332068): No clocks defined in design.
Info (332128): Timing requirements not specified -- optimizing circuit to achieve the following default global requirements
    Info (332127): Assuming a default timing requirement
Info (332159): No clocks to report
Warning (332068): No clocks defined in design.
Info (186079): Completed User Assigned Global Signals Promotion Operation
Info (186079): Completed Auto Global Promotion Operation
Info (176234): Starting register packing
Info (186468): Started processing fast register assignments
Info (186469): Finished processing fast register assignments
Info (176235): Finished register packing
Info (176214): Statistics of I/O pins that need to be placed that use the same VCCIO and VREF, before I/O pin placement
    Info (176211): Number of I/O pins in group: 72 (unused VREF, 3.3V VCCIO, 64 input, 8 output, 0 bidirectional)
        Info (176212): I/O standards used: 3.3-V LVTTL.
Info (176215): I/O bank details before I/O pin placement
    Info (176214): Statistics of I/O banks
        Info (176213): I/O bank number 1 does not use VREF pins and has undetermined VCCIO pins. 0 total pin(s) used --  38 pins available
        Info (176213): I/O bank number 2 does not use VREF pins and has undetermined VCCIO pins. 0 total pin(s) used --  42 pins available
Info (171121): Fitter preparation operations ending: elapsed time is 00:00:00
Info (170189): Fitter placement preparation operations beginning
Info (170190): Fitter placement preparation operations ending: elapsed time is 00:00:00
Info (170191): Fitter placement operations beginning
Info (170137): Fitter placement was successful
Info (170192): Fitter placement operations ending: elapsed time is 00:00:00
Info (170193): Fitter routing operations beginning
Info (170195): Router estimated average interconnect usage is 4% of the available device resources
    Info (170196): Router estimated peak interconnect usage is 4% of the available device resources in the region that extends from location X0_Y0 to location X8_Y5
Info (170194): Fitter routing operations ending: elapsed time is 00:00:00
Info (170199): The Fitter performed an Auto Fit compilation.  Optimizations were skipped to reduce compilation time.
    Info (170201): Optimizations that may affect the design's routability were skipped
    Info (170200): Optimizations that may affect the design's timing were skipped
Info (11888): Total time spent on timing analysis during the Fitter is 0.03 seconds.
Info (11218): Fitter post-fit operations ending: elapsed time is 00:00:00
Warning (169174): The Reserve All Unused Pins setting has not been specified, and will default to 'As output driving ground'.
Info (144001): Generated suppressed messages file C:/Users/User/Desktop/Interlock_Completed/SYNTH_Files/output_files/INTERLOCK.fit.smsg
Info: Quartus II 64-Bit Fitter was successful. 0 errors, 6 warnings
    Info: Peak virtual memory: 5234 megabytes
    Info: Processing ended: Thu May 02 10:34:05 2024
    Info: Elapsed time: 00:00:02
    Info: Total CPU time (on all processors): 00:00:01


+----------------------------+
; Fitter Suppressed Messages ;
+----------------------------+
The suppressed messages can be found in C:/Users/User/Desktop/Interlock_Completed/SYNTH_Files/output_files/INTERLOCK.fit.smsg.


